app/build/intermediates/manifest_merge_blame_file/debug/manifest-merger-blame-debug-report.txt
1<?xml version="1.0" encoding="utf-8"?>
2<manifest xmlns:android="http://schemas.android.com/apk/res/android"
3    package="com.connectapp.user"
4    android:versionCode="70"
5    android:versionName="2.6.2" >
6
7    <uses-sdk
8        android:minSdkVersion="17"
8-->src\main\AndroidManifest.xml
9        android:targetSdkVersion="29" />
9-->src\main\AndroidManifest.xml
10
11    <uses-permission android:name="android.permission.CAMERA" />
11-->src\main\AndroidManifest.xml:5:5-65
11-->src\main\AndroidManifest.xml:5:22-62
12    <uses-permission android:name="android.permission.ACCESS_NETWORK_STATE" />
12-->src\main\AndroidManifest.xml:6:5-79
12-->src\main\AndroidManifest.xml:6:22-76
13    <uses-permission android:name="android.permission.ACCESS_FINE_LOCATION" />
13-->src\main\AndroidManifest.xml:7:5-79
13-->src\main\AndroidManifest.xml:7:22-76
14    <uses-permission android:name="android.permission.ACCESS_COARSE_LOCATION" />
14-->src\main\AndroidManifest.xml:8:5-81
14-->src\main\AndroidManifest.xml:8:22-78
15    <uses-permission android:name="com.google.android.providers.gsf.permission.READ_GSERVICES" />
15-->src\main\AndroidManifest.xml:9:5-98
15-->src\main\AndroidManifest.xml:9:22-95
16    <uses-permission android:name="android.permission.SYSTEM_ALERT_WINDOW" />
16-->src\main\AndroidManifest.xml:10:5-78
16-->src\main\AndroidManifest.xml:10:22-75
17    <uses-permission android:name="android.permission.READ_PHONE_STATE" />
17-->src\main\AndroidManifest.xml:11:5-75
17-->src\main\AndroidManifest.xml:11:22-72
18    <!--
19 <uses-permission android:name="android.permission.SEND_SMS" />
20    <uses-permission android:name="android.permission.CALL_PHONE" />
21    -->
22    <!-- Sync Adapter -->
23    <uses-permission android:name="android.permission.READ_SYNC_STATS" />
23-->src\main\AndroidManifest.xml:17:5-74
23-->src\main\AndroidManifest.xml:17:22-71
24    <uses-permission android:name="android.permission.READ_SYNC_SETTINGS" />
24-->src\main\AndroidManifest.xml:18:5-77
24-->src\main\AndroidManifest.xml:18:22-74
25    <uses-permission android:name="android.permission.WRITE_SYNC_SETTINGS" /> <!-- client -->
25-->src\main\AndroidManifest.xml:19:5-78
25-->src\main\AndroidManifest.xml:19:22-75
26    <uses-permission android:name="android.permission.USE_CREDENTIALS" />
26-->src\main\AndroidManifest.xml:20:5-74
26-->src\main\AndroidManifest.xml:20:22-71
27    <uses-permission android:name="android.permission.GET_ACCOUNTS" />
27-->src\main\AndroidManifest.xml:21:5-71
27-->src\main\AndroidManifest.xml:21:22-68
28    <uses-permission android:name="android.permission.MANAGE_ACCOUNTS" /> <!-- Authenticator -->
28-->src\main\AndroidManifest.xml:22:5-74
28-->src\main\AndroidManifest.xml:22:22-71
29    <uses-permission android:name="android.permission.INTERNET" />
29-->src\main\AndroidManifest.xml:23:5-67
29-->src\main\AndroidManifest.xml:23:22-64
30    <uses-permission android:name="android.permission.AUTHENTICATE_ACCOUNTS" />
30-->src\main\AndroidManifest.xml:24:5-80
30-->src\main\AndroidManifest.xml:24:22-77
31    <uses-permission android:name="android.permission.READ_EXTERNAL_STORAGE" />
31-->src\main\AndroidManifest.xml:25:5-80
31-->src\main\AndroidManifest.xml:25:22-77
32    <uses-permission android:name="android.permission.WRITE_EXTERNAL_STORAGE" />
32-->src\main\AndroidManifest.xml:26:5-81
32-->src\main\AndroidManifest.xml:26:22-78
33
34    <!-- Optional permission for Analytics to run. -->
35    <uses-permission android:name="android.permission.WAKE_LOCK" /> <!-- Permissions required for GCM -->
35-->[com.google.android.gms:play-services-analytics:9.2.0] AndroidManifest.xml:25:5-67
35-->[com.google.android.gms:play-services-analytics:9.2.0] AndroidManifest.xml:25:22-65
36    <uses-permission android:name="com.google.android.c2dm.permission.RECEIVE" />
36-->[com.google.android.gms:play-services-gcm:9.2.0] AndroidManifest.xml:21:5-82
36-->[com.google.android.gms:play-services-gcm:9.2.0] AndroidManifest.xml:21:22-79
37
38    <uses-feature
38-->[com.google.android.gms:play-services-maps:9.2.0] AndroidManifest.xml:22:5-24:33
39        android:glEsVersion="0x00020000"
39-->[com.google.android.gms:play-services-maps:9.2.0] AndroidManifest.xml:23:8-40
40        android:required="true" />
40-->[com.google.android.gms:play-services-maps:9.2.0] AndroidManifest.xml:24:8-31
41
42    <permission
42-->[com.google.firebase:firebase-iid:9.2.0] AndroidManifest.xml:25:5-26:47
43        android:name="com.connectapp.user.permission.C2D_MESSAGE"
43-->[com.google.firebase:firebase-iid:9.2.0] AndroidManifest.xml:25:17-71
44        android:protectionLevel="signature" />
44-->[com.google.firebase:firebase-iid:9.2.0] AndroidManifest.xml:26:9-44
45
46    <uses-permission android:name="com.connectapp.user.permission.C2D_MESSAGE" />
46-->[com.google.firebase:firebase-iid:9.2.0] AndroidManifest.xml:28:5-79
46-->[com.google.firebase:firebase-iid:9.2.0] AndroidManifest.xml:28:22-76
47
48    <application
48-->src\main\AndroidManifest.xml:27:5-426:19
49        android:name="com.connectapp.user.volley.AppController"
49-->src\main\AndroidManifest.xml:28:9-45
50        android:allowBackup="true"
50-->src\main\AndroidManifest.xml:29:9-35
51        android:debuggable="true"
52        android:icon="@drawable/app_icon"
52-->src\main\AndroidManifest.xml:30:9-42
53        android:label="@string/app_name"
53-->src\main\AndroidManifest.xml:31:9-41
54        android:theme="@style/AppTheme.NoActionBar"
54-->src\main\AndroidManifest.xml:32:9-52
55        android:usesCleartextTraffic="true" >
55-->src\main\AndroidManifest.xml:33:9-44
56        <uses-library
56-->src\main\AndroidManifest.xml:34:9-88
57            android:name="org.apache.http.legacy"
57-->src\main\AndroidManifest.xml:34:23-60
58            android:required="false" />
58-->src\main\AndroidManifest.xml:34:61-85
59
60        <meta-data
60-->src\main\AndroidManifest.xml:35:9-37:69
61            android:name="com.google.android.gms.version"
61-->src\main\AndroidManifest.xml:36:13-58
62            android:value="@integer/google_play_services_version" />
62-->src\main\AndroidManifest.xml:37:13-66
63
64        <activity
64-->src\main\AndroidManifest.xml:39:9-49:20
65            android:name="com.connectapp.user.activity.SplashActivity"
65-->src\main\AndroidManifest.xml:40:13-52
66            android:label="@string/app_name"
66-->src\main\AndroidManifest.xml:41:13-45
67            android:screenOrientation="portrait"
67-->src\main\AndroidManifest.xml:42:13-49
68            android:windowSoftInputMode="stateHidden|adjustPan" >
68-->src\main\AndroidManifest.xml:43:13-64
69            <intent-filter>
69-->src\main\AndroidManifest.xml:44:13-48:29
70                <action android:name="android.intent.action.MAIN" />
70-->src\main\AndroidManifest.xml:45:17-69
70-->src\main\AndroidManifest.xml:45:25-66
71
72                <category android:name="android.intent.category.LAUNCHER" />
72-->src\main\AndroidManifest.xml:47:17-77
72-->src\main\AndroidManifest.xml:47:27-74
73            </intent-filter>
74        </activity>
75        <activity
75-->src\main\AndroidManifest.xml:50:9-53:67
76            android:name="com.connectapp.user.activity.RegistrationActivity"
76-->src\main\AndroidManifest.xml:51:13-58
77            android:screenOrientation="portrait"
77-->src\main\AndroidManifest.xml:52:13-49
78            android:windowSoftInputMode="stateHidden|adjustPan" />
78-->src\main\AndroidManifest.xml:53:13-64
79        <activity
79-->src\main\AndroidManifest.xml:54:9-57:67
80            android:name="com.connectapp.user.activity.LoginActivity"
80-->src\main\AndroidManifest.xml:55:13-51
81            android:screenOrientation="portrait"
81-->src\main\AndroidManifest.xml:56:13-49
82            android:windowSoftInputMode="stateHidden|adjustPan" />
82-->src\main\AndroidManifest.xml:57:13-64
83        <activity
83-->src\main\AndroidManifest.xml:58:9-61:67
84            android:name="com.connectapp.user.activity.KeyWordActivity"
84-->src\main\AndroidManifest.xml:59:13-53
85            android:screenOrientation="portrait"
85-->src\main\AndroidManifest.xml:60:13-49
86            android:windowSoftInputMode="stateHidden|adjustPan" />
86-->src\main\AndroidManifest.xml:61:13-64
87        <activity
87-->src\main\AndroidManifest.xml:62:9-66:67
88            android:name="com.connectapp.user.activity.SchoolFormActivity"
88-->src\main\AndroidManifest.xml:63:13-56
89            android:screenOrientation="portrait"
89-->src\main\AndroidManifest.xml:64:13-49
90            android:theme="@style/Theme.MyCompatTheme"
90-->src\main\AndroidManifest.xml:65:13-55
91            android:windowSoftInputMode="stateHidden|adjustPan" />
91-->src\main\AndroidManifest.xml:66:13-64
92        <activity
92-->src\main\AndroidManifest.xml:67:9-71:67
93            android:name="com.connectapp.user.activity.RathFormActivity"
93-->src\main\AndroidManifest.xml:68:13-54
94            android:screenOrientation="portrait"
94-->src\main\AndroidManifest.xml:69:13-49
95            android:theme="@style/Theme.MyCompatTheme"
95-->src\main\AndroidManifest.xml:70:13-55
96            android:windowSoftInputMode="stateHidden|adjustPan" />
96-->src\main\AndroidManifest.xml:71:13-64
97        <activity
97-->src\main\AndroidManifest.xml:72:9-76:67
98            android:name="com.connectapp.user.activity.UnSyncedDataActivity"
98-->src\main\AndroidManifest.xml:73:13-58
99            android:screenOrientation="portrait"
99-->src\main\AndroidManifest.xml:74:13-49
100            android:theme="@style/Theme.MyCompatTheme"
100-->src\main\AndroidManifest.xml:75:13-55
101            android:windowSoftInputMode="stateHidden|adjustPan" />
101-->src\main\AndroidManifest.xml:76:13-64
102        <activity
102-->src\main\AndroidManifest.xml:77:9-80:67
103            android:name="com.connectapp.user.activity.MainActivity"
103-->src\main\AndroidManifest.xml:78:13-50
104            android:screenOrientation="portrait"
104-->src\main\AndroidManifest.xml:79:13-49
105            android:windowSoftInputMode="stateHidden|adjustPan" />
105-->src\main\AndroidManifest.xml:80:13-64
106        <activity
106-->src\main\AndroidManifest.xml:81:9-95:20
107            android:name="com.connectapp.user.members.MembersDirectory"
107-->src\main\AndroidManifest.xml:82:13-53
108            android:label="@string/app_name"
108-->src\main\AndroidManifest.xml:83:13-45
109            android:screenOrientation="portrait"
109-->src\main\AndroidManifest.xml:84:13-49
110            android:theme="@style/Theme.MyCompatTheme" >
110-->src\main\AndroidManifest.xml:85:13-55
111            <intent-filter>
111-->src\main\AndroidManifest.xml:86:13-90:29
112                <action android:name="android.intent.action.MAIN" />
112-->src\main\AndroidManifest.xml:45:17-69
112-->src\main\AndroidManifest.xml:45:25-66
113
114                <category android:name="android.intent.category.DEFAULT" />
114-->src\main\AndroidManifest.xml:89:17-76
114-->src\main\AndroidManifest.xml:89:27-73
115            </intent-filter>
116
117            <meta-data
117-->src\main\AndroidManifest.xml:92:13-94:72
118                android:name="android.app.default_searchable"
118-->src\main\AndroidManifest.xml:93:17-62
119                android:value=".members.MemberSearchResultsActivity" />
119-->src\main\AndroidManifest.xml:94:17-69
120        </activity>
121        <activity
121-->src\main\AndroidManifest.xml:96:9-110:20
122            android:name="com.connectapp.user.members.NewMembersDirectory"
122-->src\main\AndroidManifest.xml:97:13-56
123            android:label="@string/app_name"
123-->src\main\AndroidManifest.xml:98:13-45
124            android:screenOrientation="portrait"
124-->src\main\AndroidManifest.xml:99:13-49
125            android:theme="@style/Theme.MyCompatTheme" >
125-->src\main\AndroidManifest.xml:100:13-55
126            <intent-filter>
126-->src\main\AndroidManifest.xml:86:13-90:29
127                <action android:name="android.intent.action.MAIN" />
127-->src\main\AndroidManifest.xml:45:17-69
127-->src\main\AndroidManifest.xml:45:25-66
128
129                <category android:name="android.intent.category.DEFAULT" />
129-->src\main\AndroidManifest.xml:89:17-76
129-->src\main\AndroidManifest.xml:89:27-73
130            </intent-filter>
131
132            <meta-data
132-->src\main\AndroidManifest.xml:92:13-94:72
133                android:name="android.app.default_searchable"
133-->src\main\AndroidManifest.xml:93:17-62
134                android:value=".members.MemberSearchResultsActivity" />
134-->src\main\AndroidManifest.xml:94:17-69
135        </activity>
136        <activity
136-->src\main\AndroidManifest.xml:111:9-127:20
137            android:name="com.connectapp.user.members.MemberSearchResultsActivity"
137-->src\main\AndroidManifest.xml:112:13-64
138            android:label="@string/app_name"
138-->src\main\AndroidManifest.xml:113:13-45
139            android:launchMode="singleTop"
139-->src\main\AndroidManifest.xml:114:13-43
140            android:theme="@style/Theme.MyCompatTheme" >
140-->src\main\AndroidManifest.xml:115:13-55
141
142            <!-- to identify this activity as "searchable" -->
143            <intent-filter>
143-->src\main\AndroidManifest.xml:118:13-122:29
144                <action android:name="android.intent.action.SEARCH" />
144-->src\main\AndroidManifest.xml:119:17-71
144-->src\main\AndroidManifest.xml:119:25-68
145
146                <category android:name="android.intent.category.DEFAULT" />
146-->src\main\AndroidManifest.xml:89:17-76
146-->src\main\AndroidManifest.xml:89:27-73
147            </intent-filter>
148
149            <meta-data
149-->src\main\AndroidManifest.xml:124:13-126:54
150                android:name="android.app.searchable"
150-->src\main\AndroidManifest.xml:125:17-54
151                android:resource="@xml/searchable" />
151-->src\main\AndroidManifest.xml:126:17-51
152        </activity>
153        <activity
153-->src\main\AndroidManifest.xml:128:9-143:20
154            android:name="com.connectapp.user.members.MemberListActivity"
154-->src\main\AndroidManifest.xml:129:13-55
155            android:label="@string/app_name"
155-->src\main\AndroidManifest.xml:130:13-45
156            android:theme="@style/Theme.MyCompatTheme" >
156-->src\main\AndroidManifest.xml:131:13-55
157
158            <!-- to identify this activity as "searchable" -->
159            <intent-filter>
159-->src\main\AndroidManifest.xml:118:13-122:29
160                <action android:name="android.intent.action.SEARCH" />
160-->src\main\AndroidManifest.xml:119:17-71
160-->src\main\AndroidManifest.xml:119:25-68
161
162                <category android:name="android.intent.category.DEFAULT" />
162-->src\main\AndroidManifest.xml:89:17-76
162-->src\main\AndroidManifest.xml:89:27-73
163            </intent-filter>
164
165            <meta-data
165-->src\main\AndroidManifest.xml:92:13-94:72
166                android:name="android.app.default_searchable"
166-->src\main\AndroidManifest.xml:93:17-62
167                android:value=".members.MemberSearchResultsActivity" />
167-->src\main\AndroidManifest.xml:94:17-69
168        </activity>
169        <activity
169-->src\main\AndroidManifest.xml:144:9-147:54
170            android:name="com.connectapp.user.members.MemberViewActivity"
170-->src\main\AndroidManifest.xml:145:13-55
171            android:screenOrientation="portrait"
171-->src\main\AndroidManifest.xml:146:13-49
172            android:theme="@style/MemberViewTheme" /> <!-- SHSS -->
172-->src\main\AndroidManifest.xml:147:13-51
173        <activity
173-->src\main\AndroidManifest.xml:148:9-162:20
174            android:name="com.connectapp.user.membershss.MembersSHSSDirectory"
174-->src\main\AndroidManifest.xml:149:13-60
175            android:label="@string/app_name"
175-->src\main\AndroidManifest.xml:150:13-45
176            android:screenOrientation="portrait"
176-->src\main\AndroidManifest.xml:151:13-49
177            android:theme="@style/Theme.MyCompatTheme" >
177-->src\main\AndroidManifest.xml:152:13-55
178            <intent-filter>
178-->src\main\AndroidManifest.xml:86:13-90:29
179                <action android:name="android.intent.action.MAIN" />
179-->src\main\AndroidManifest.xml:45:17-69
179-->src\main\AndroidManifest.xml:45:25-66
180
181                <category android:name="android.intent.category.DEFAULT" />
181-->src\main\AndroidManifest.xml:89:17-76
181-->src\main\AndroidManifest.xml:89:27-73
182            </intent-filter>
183
184            <meta-data
184-->src\main\AndroidManifest.xml:92:13-94:72
185                android:name="android.app.default_searchable"
185-->src\main\AndroidManifest.xml:93:17-62
186                android:value=".membershss.MemberSearchResultsSHSSActivity" />
186-->src\main\AndroidManifest.xml:94:17-69
187        </activity>
188        <activity
188-->src\main\AndroidManifest.xml:163:9-177:20
189            android:name="com.connectapp.user.membershss.NewMembersSHSSDirectory"
189-->src\main\AndroidManifest.xml:164:13-63
190            android:label="@string/app_name"
190-->src\main\AndroidManifest.xml:165:13-45
191            android:screenOrientation="portrait"
191-->src\main\AndroidManifest.xml:166:13-49
192            android:theme="@style/Theme.MyCompatTheme" >
192-->src\main\AndroidManifest.xml:167:13-55
193            <intent-filter>
193-->src\main\AndroidManifest.xml:86:13-90:29
194                <action android:name="android.intent.action.MAIN" />
194-->src\main\AndroidManifest.xml:45:17-69
194-->src\main\AndroidManifest.xml:45:25-66
195
196                <category android:name="android.intent.category.DEFAULT" />
196-->src\main\AndroidManifest.xml:89:17-76
196-->src\main\AndroidManifest.xml:89:27-73
197            </intent-filter>
198
199            <meta-data
199-->src\main\AndroidManifest.xml:92:13-94:72
200                android:name="android.app.default_searchable"
200-->src\main\AndroidManifest.xml:93:17-62
201                android:value=".membershss.MemberSearchResultsSHSSActivity" />
201-->src\main\AndroidManifest.xml:94:17-69
202        </activity>
203        <activity
203-->src\main\AndroidManifest.xml:178:9-194:20
204            android:name="com.connectapp.user.membershss.MemberSearchResultsSHSSActivity"
204-->src\main\AndroidManifest.xml:179:13-71
205            android:label="@string/app_name"
205-->src\main\AndroidManifest.xml:180:13-45
206            android:launchMode="singleTop"
206-->src\main\AndroidManifest.xml:181:13-43
207            android:theme="@style/Theme.MyCompatTheme" >
207-->src\main\AndroidManifest.xml:182:13-55
208
209            <!-- to identify this activity as "searchable" -->
210            <intent-filter>
210-->src\main\AndroidManifest.xml:118:13-122:29
211                <action android:name="android.intent.action.SEARCH" />
211-->src\main\AndroidManifest.xml:119:17-71
211-->src\main\AndroidManifest.xml:119:25-68
212
213                <category android:name="android.intent.category.DEFAULT" />
213-->src\main\AndroidManifest.xml:89:17-76
213-->src\main\AndroidManifest.xml:89:27-73
214            </intent-filter>
215
216            <meta-data
216-->src\main\AndroidManifest.xml:124:13-126:54
217                android:name="android.app.searchable"
217-->src\main\AndroidManifest.xml:125:17-54
218                android:resource="@xml/searchable" />
218-->src\main\AndroidManifest.xml:126:17-51
219        </activity>
220        <activity
220-->src\main\AndroidManifest.xml:195:9-210:20
221            android:name="com.connectapp.user.membershss.MemberListSHSSActivity"
221-->src\main\AndroidManifest.xml:196:13-62
222            android:label="@string/app_name"
222-->src\main\AndroidManifest.xml:197:13-45
223            android:theme="@style/Theme.MyCompatTheme" >
223-->src\main\AndroidManifest.xml:198:13-55
224
225            <!-- to identify this activity as "searchable" -->
226            <intent-filter>
226-->src\main\AndroidManifest.xml:118:13-122:29
227                <action android:name="android.intent.action.SEARCH" />
227-->src\main\AndroidManifest.xml:119:17-71
227-->src\main\AndroidManifest.xml:119:25-68
228
229                <category android:name="android.intent.category.DEFAULT" />
229-->src\main\AndroidManifest.xml:89:17-76
229-->src\main\AndroidManifest.xml:89:27-73
230            </intent-filter>
231
232            <meta-data
232-->src\main\AndroidManifest.xml:92:13-94:72
233                android:name="android.app.default_searchable"
233-->src\main\AndroidManifest.xml:93:17-62
234                android:value=".membershss.MemberSearchResultsSHSSActivity" />
234-->src\main\AndroidManifest.xml:94:17-69
235        </activity>
236        <activity
236-->src\main\AndroidManifest.xml:211:9-214:54
237            android:name="com.connectapp.user.membershss.MemberViewSHSSActivity"
237-->src\main\AndroidManifest.xml:212:13-62
238            android:screenOrientation="portrait"
238-->src\main\AndroidManifest.xml:213:13-49
239            android:theme="@style/MemberViewTheme" />
239-->src\main\AndroidManifest.xml:214:13-51
240        <activity
240-->src\main\AndroidManifest.xml:215:9-218:47
241            android:name="com.connectapp.user.activity.EkalChaptersActivity"
241-->src\main\AndroidManifest.xml:216:13-58
242            android:screenOrientation="portrait"
242-->src\main\AndroidManifest.xml:217:13-49
243            android:theme="@style/AppTheme" />
243-->src\main\AndroidManifest.xml:218:13-44
244        <activity
244-->src\main\AndroidManifest.xml:219:9-222:58
245            android:name="com.connectapp.user.activity.ResourcesActivity"
245-->src\main\AndroidManifest.xml:220:13-55
246            android:screenOrientation="portrait"
246-->src\main\AndroidManifest.xml:221:13-49
247            android:theme="@style/Theme.MyCompatTheme" />
247-->src\main\AndroidManifest.xml:222:13-55
248        <activity
248-->src\main\AndroidManifest.xml:223:9-228:58
249            android:name="com.connectapp.user.dropDownActivity.StateCodeActivity"
249-->src\main\AndroidManifest.xml:224:13-63
250            android:label="Select your State"
250-->src\main\AndroidManifest.xml:225:13-46
251            android:noHistory="true"
251-->src\main\AndroidManifest.xml:226:13-37
252            android:screenOrientation="portrait"
252-->src\main\AndroidManifest.xml:227:13-49
253            android:theme="@style/Theme.MyCompatTheme" />
253-->src\main\AndroidManifest.xml:228:13-55
254        <activity
254-->src\main\AndroidManifest.xml:229:9-234:70
255            android:name="com.connectapp.user.dropDownActivity.PictureCategoryActivity"
255-->src\main\AndroidManifest.xml:230:13-69
256            android:label="Picture Category"
256-->src\main\AndroidManifest.xml:231:13-45
257            android:noHistory="true"
257-->src\main\AndroidManifest.xml:232:13-37
258            android:screenOrientation="portrait"
258-->src\main\AndroidManifest.xml:233:13-49
259            android:theme="@android:style/Theme.Holo.Light.Dialog" />
259-->src\main\AndroidManifest.xml:234:13-67
260        <activity
260-->src\main\AndroidManifest.xml:235:9-240:70
261            android:name="com.connectapp.user.dropDownActivity.RathPictureCategoryActivity"
261-->src\main\AndroidManifest.xml:236:13-73
262            android:label="Picture Category"
262-->src\main\AndroidManifest.xml:237:13-45
263            android:noHistory="true"
263-->src\main\AndroidManifest.xml:238:13-37
264            android:screenOrientation="portrait"
264-->src\main\AndroidManifest.xml:239:13-49
265            android:theme="@android:style/Theme.Holo.Light.Dialog" />
265-->src\main\AndroidManifest.xml:240:13-67
266        <activity
266-->src\main\AndroidManifest.xml:241:9-246:70
267            android:name="com.connectapp.user.dropDownActivity.RathNumberActivity"
267-->src\main\AndroidManifest.xml:242:13-64
268            android:label="Rath Number"
268-->src\main\AndroidManifest.xml:243:13-40
269            android:noHistory="true"
269-->src\main\AndroidManifest.xml:244:13-37
270            android:screenOrientation="portrait"
270-->src\main\AndroidManifest.xml:245:13-49
271            android:theme="@android:style/Theme.Holo.Light.Dialog" />
271-->src\main\AndroidManifest.xml:246:13-67
272        <activity
272-->src\main\AndroidManifest.xml:247:9-252:70
273            android:name="com.connectapp.user.dropDownActivity.StateListActivity"
273-->src\main\AndroidManifest.xml:248:13-63
274            android:label="State"
274-->src\main\AndroidManifest.xml:249:13-34
275            android:noHistory="true"
275-->src\main\AndroidManifest.xml:250:13-37
276            android:screenOrientation="portrait"
276-->src\main\AndroidManifest.xml:251:13-49
277            android:theme="@android:style/Theme.Holo.Light.Dialog" />
277-->src\main\AndroidManifest.xml:252:13-67
278        <activity
278-->src\main\AndroidManifest.xml:253:9-258:70
279            android:name="com.connectapp.user.dropDownActivity.DemoDistListActivity"
279-->src\main\AndroidManifest.xml:254:13-66
280            android:label="District"
280-->src\main\AndroidManifest.xml:255:13-37
281            android:noHistory="true"
281-->src\main\AndroidManifest.xml:256:13-37
282            android:screenOrientation="portrait"
282-->src\main\AndroidManifest.xml:257:13-49
283            android:theme="@android:style/Theme.Holo.Light.Dialog" />
283-->src\main\AndroidManifest.xml:258:13-67
284        <activity
284-->src\main\AndroidManifest.xml:259:9-264:70
285            android:name="com.connectapp.user.view.SchoolDialog"
285-->src\main\AndroidManifest.xml:260:13-46
286            android:label=" "
286-->src\main\AndroidManifest.xml:261:13-30
287            android:noHistory="true"
287-->src\main\AndroidManifest.xml:262:13-37
288            android:screenOrientation="portrait"
288-->src\main\AndroidManifest.xml:263:13-49
289            android:theme="@android:style/Theme.Holo.Light.Dialog" />
289-->src\main\AndroidManifest.xml:264:13-67
290        <activity
290-->src\main\AndroidManifest.xml:265:9-270:70
291            android:name="com.connectapp.user.dropDownActivity.DemoTehsilListActivity"
291-->src\main\AndroidManifest.xml:266:13-68
292            android:label="Tehsil"
292-->src\main\AndroidManifest.xml:267:13-35
293            android:noHistory="true"
293-->src\main\AndroidManifest.xml:268:13-37
294            android:screenOrientation="portrait"
294-->src\main\AndroidManifest.xml:269:13-49
295            android:theme="@android:style/Theme.Holo.Light.Dialog" />
295-->src\main\AndroidManifest.xml:270:13-67
296        <activity
296-->src\main\AndroidManifest.xml:271:9-276:70
297            android:name="com.connectapp.user.dropDownActivity.DemoVillageListActivity"
297-->src\main\AndroidManifest.xml:272:13-69
298            android:label="Village"
298-->src\main\AndroidManifest.xml:273:13-36
299            android:noHistory="true"
299-->src\main\AndroidManifest.xml:274:13-37
300            android:screenOrientation="portrait"
300-->src\main\AndroidManifest.xml:275:13-49
301            android:theme="@android:style/Theme.Holo.Light.Dialog" />
301-->src\main\AndroidManifest.xml:276:13-67
302        <activity
302-->src\main\AndroidManifest.xml:277:9-282:70
303            android:name="com.connectapp.user.dropDownActivity.DistrictListActivity"
303-->src\main\AndroidManifest.xml:278:13-66
304            android:label="District"
304-->src\main\AndroidManifest.xml:279:13-37
305            android:noHistory="true"
305-->src\main\AndroidManifest.xml:280:13-37
306            android:screenOrientation="portrait"
306-->src\main\AndroidManifest.xml:281:13-49
307            android:theme="@android:style/Theme.Holo.Light.Dialog" />
307-->src\main\AndroidManifest.xml:282:13-67
308        <activity
308-->src\main\AndroidManifest.xml:283:9-287:67
309            android:name="com.connectapp.user.activity.HistoryActivity"
309-->src\main\AndroidManifest.xml:284:13-53
310            android:screenOrientation="portrait"
310-->src\main\AndroidManifest.xml:285:13-49
311            android:theme="@style/Theme.MyCompatTheme"
311-->src\main\AndroidManifest.xml:286:13-55
312            android:windowSoftInputMode="stateHidden|adjustPan" />
312-->src\main\AndroidManifest.xml:287:13-64
313        <activity
313-->src\main\AndroidManifest.xml:288:9-292:67
314            android:name="com.connectapp.user.activity.WebViewActivity"
314-->src\main\AndroidManifest.xml:289:13-53
315            android:screenOrientation="portrait"
315-->src\main\AndroidManifest.xml:290:13-49
316            android:theme="@style/Theme.MyCompatTheme"
316-->src\main\AndroidManifest.xml:291:13-55
317            android:windowSoftInputMode="stateHidden|adjustPan" />
317-->src\main\AndroidManifest.xml:292:13-64
318        <activity
318-->src\main\AndroidManifest.xml:293:9-297:67
319            android:name="com.connectapp.user.activity.SchoolViewMenuActivity"
319-->src\main\AndroidManifest.xml:294:13-60
320            android:screenOrientation="portrait"
320-->src\main\AndroidManifest.xml:295:13-49
321            android:theme="@style/Theme.MyCompatTheme"
321-->src\main\AndroidManifest.xml:296:13-55
322            android:windowSoftInputMode="stateHidden|adjustPan" />
322-->src\main\AndroidManifest.xml:297:13-64
323        <activity
323-->src\main\AndroidManifest.xml:298:9-302:67
324            android:name="com.connectapp.user.activity.VillageViewMenuActivity"
324-->src\main\AndroidManifest.xml:299:13-61
325            android:screenOrientation="portrait"
325-->src\main\AndroidManifest.xml:300:13-49
326            android:theme="@style/Theme.MyCompatTheme"
326-->src\main\AndroidManifest.xml:301:13-55
327            android:windowSoftInputMode="stateHidden|adjustPan" />
327-->src\main\AndroidManifest.xml:302:13-64
328        <activity
328-->src\main\AndroidManifest.xml:303:9-307:67
329            android:name="com.connectapp.user.activity.RathViewMenuActivity"
329-->src\main\AndroidManifest.xml:304:13-58
330            android:screenOrientation="portrait"
330-->src\main\AndroidManifest.xml:305:13-49